<?xml version="1.0" encoding="UTF-8"?>
<testsuite xmlns:xsi="http://www.w3.org/2001/XMLSchema-instance" xsi:noNamespaceSchemaLocation="https://maven.apache.org/surefire/maven-surefire-plugin/xsd/surefire-test-report-3.0.xsd" version="3.0" name="TestHelloJob" time="0.973" tests="1" errors="0" skipped="0" failures="0">
  <properties>
[...]
</properties>
  <testcase name="shouldExecuteWithoutErrors" classname="TestHelloJob" time="0.579">
    <system-out><![CDATA[Hello World
hello
hello
   Jenkinsfile.execute()
      Jenkinsfile.node(groovy.lang.Closure)
         Jenkinsfile.stage(groovy test, groovy.lang.Closure)
            Jenkinsfile.load(.//hello.groovy)
               hello.run()
            hello.testHello()
         Jenkinsfile.stage(build, groovy.lang.Closure)
            Jenkinsfile.sh(fbuild)
            Jenkinsfile.stash({includes=**/main-linux-release, name=app})
            Jenkinsfile.stash({includes=**/build/linux/release/*.so, name=dll})
         Jenkinsfile.stage(deploy, groovy.lang.Closure)
            Jenkinsfile.load(.//deploy.groovy)
               deploy.run()
            deploy.deploy()
            Jenkinsfile.deploy()
]]></system-out>
  </testcase>
</testsuite>